<html>
<body>
<pre>
<h1>µVision Build Log</h1>
<h2>Project:</h2>
C:\Users\Abhishek\Documents\ValvanoWareTM4C123\EE445M Labs\Lab 5\Lab5.uvproj
Project File Date:  04/07/2019

<h2>Output:</h2>
Build target 'Lab4'
linking...
Program Size: Code=30420 RO-data=2416 RW-data=624 ZI-data=22904  
".\Lab4.axf" - 0 Error(s), 0 Warning(s).
Load "C:\\Users\\Abhishek\\Documents\\ValvanoWareTM4C123\\EE445M Labs\\Lab 5\\Lab4.axf" 
Connecting: Mode=JTAG, Speed=1000000Hz
Erase Done.
Programming Done.
Verify OK.
g Done.
Verify OK.
0" was declared but never referenced
  void static DebouncePF0(void) {
OS.c: 3 warnings, 0 errors
linking...
Program Size: Code=30424 RO-data=2420 RW-data=624 ZI-data=22904  
".\Lab4.axf" - 0 Error(s), 3 Warning(s).
Load "C:\\Users\\Abhishek\\Documents\\ValvanoWareTM4C123\\EE445M Labs\\Lab 5\\Lab4.axf" 
Connecting: Mode=JTAG, Speed=1000000Hz
Erase Done.
Programming Done.
Verify OK.
.c(249): warning:  #177-D: function "readSegment" was declared but never referenced
  static int readSegment(ELFExec_t *e, int n, Elf32_Phdr *h, size_t nlen) {
loader.c(273): warning:  #177-D: function "typeStr" was declared but never referenced
  static const char *typeStr(int symt) {
loader.c: 4 warnings, 0 errors
linking...
Program Size: Code=30400 RO-data=2420 RW-data=624 ZI-data=22904  
".\Lab4.axf" - 0 Error(s), 7 Warning(s).
a=2416 RW-data=624 ZI-data=18808  
".\Lab4.axf" - 0 Error(s), 7 Warning(s).
Load "C:\\Users\\Abhishek\\Documents\\ValvanoWareTM4C123\\EE445M Labs\\Lab 5\\Lab4.axf" 
Connecting: Mode=JTAG, Speed=1000000Hz
Erase Done.
Programming Done.
Verify OK.

  static uint32_t swabo(uint32_t hl) {
loader.c(249): warning:  #177-D: function "readSegment" was declared but never referenced
  static int readSegment(ELFExec_t *e, int n, Elf32_Phdr *h, size_t nlen) {
loader.c(273): warning:  #177-D: function "typeStr" was declared but never referenced
  static const char *typeStr(int symt) {
loader.c: 4 warnings, 0 errors
linking...
Program Size: Code=30024 RO-data=2420 RW-data=624 ZI-data=18808  
".\Lab4.axf" - 0 Error(s), 10 Warning(s).
Load "C:\\Users\\Abhishek\\Documents\\ValvanoWareTM4C123\\EE445M Labs\\Lab 5\\Lab4.axf" 
Connecting: Mode=JTAG, Speed=1000000Hz
Connection failed!, error code=&d
Error: Flash Download failed  -  Target DLL has been cancelled
Load "C:\\Users\\Abhishek\\Documents\\ValvanoWareTM4C123\\EE445M Labs\\Lab 5\\Lab4.axf" 
Connecting: Mode=JTAG, Speed=1000000Hz
Erase Done.
Programming Done.
Verify OK.
360 of "..\../inc/tm4c123gh6pm.h")
  #define UART0_LCRH_R            (*((volatile unsigned long *)0x4000C02C))
UART.c(49): warning:  #47-D: incompatible redefinition of macro "UART0_CTL_R" (declared at line 361 of "..\../inc/tm4c123gh6pm.h")
  #define UART0_CTL_R             (*((volatile unsigned long *)0x4000C030))
UART.c(50): warning:  #47-D: incompatible redefinition of macro "UART0_IFLS_R" (declared at line 362 of "..\../inc/tm4c123gh6pm.h")
  #define UART0_IFLS_R            (*((volatile unsigned long *)0x4000C034))
UART.c(51): warning:  #47-D: incompatible redefinition of macro "UART0_IM_R" (declared at line 363 of "..\../inc/tm4c123gh6pm.h")
  #define UART0_IM_R              (*((volatile unsigned long *)0x4000C038))
UART.c(52): warning:  #47-D: incompatible redefinition of macro "UART0_RIS_R" (declared at line 364 of "..\../inc/tm4c123gh6pm.h")
  #define UART0_RIS_R             (*((volatile unsigned long *)0x4000C03C))
UART.c(53): warning:  #47-D: incompatible redefinition of macro "UART0_ICR_R" (declared at line 366 of "..\../inc/tm4c123gh6pm.h")
  #define UART0_ICR_R             (*((volatile unsigned long *)0x4000C044))
UART.c(75): warning:  #47-D: incompatible redefinition of macro "SYSCTL_RCGC1_R" (declared at line 2058 of "..\../inc/tm4c123gh6pm.h")
  #define SYSCTL_RCGC1_R          (*((volatile unsigned long *)0x400FE104))
UART.c(76): warning:  #47-D: incompatible redefinition of macro "SYSCTL_RCGC2_R" (declared at line 2059 of "..\../inc/tm4c123gh6pm.h")
  #define SYSCTL_RCGC2_R          (*((volatile unsigned long *)0x400FE108))
UART.c(587): warning:  #1-D: last line of file ends without a newline
  }
UART.c: 19 warnings, 0 errors
linking...
Program Size: Code=30024 RO-data=2420 RW-data=624 ZI-data=18808  
".\Lab4.axf" - 0 Error(s), 19 Warning(s).
8))
UART.c(46): warning:  #47-D: incompatible redefinition of macro "UART0_IBRD_R" (declared at line 358 of "..\../inc/tm4c123gh6pm.h")
  #define UART0_IBRD_R            (*((volatile unsigned long *)0x4000C024))
UART.c(47): warning:  #47-D: incompatible redefinition of macro "UART0_FBRD_R" (declared at line 359 of "..\../inc/tm4c123gh6pm.h")
  #define UART0_FBRD_R            (*((volatile unsigned long *)0x4000C028))
UART.c(48): warning:  #47-D: incompatible redefinition of macro "UART0_LCRH_R" (declared at line 360 of "..\../inc/tm4c123gh6pm.h")
  #define UART0_LCRH_R            (*((volatile unsigned long *)0x4000C02C))
UART.c(49): warning:  #47-D: incompatible redefinition of macro "UART0_CTL_R" (declared at line 361 of "..\../inc/tm4c123gh6pm.h")
  #define UART0_CTL_R             (*((volatile unsigned long *)0x4000C030))
UART.c(50): warning:  #47-D: incompatible redefinition of macro "UART0_IFLS_R" (declared at line 362 of "..\../inc/tm4c123gh6pm.h")
  #define UART0_IFLS_R            (*((volatile unsigned long *)0x4000C034))
UART.c(51): warning:  #47-D: incompatible redefinition of macro "UART0_IM_R" (declared at line 363 of "..\../inc/tm4c123gh6pm.h")
  #define UART0_IM_R              (*((volatile unsigned long *)0x4000C038))
UART.c(52): warning:  #47-D: incompatible redefinition of macro "UART0_RIS_R" (declared at line 364 of "..\../inc/tm4c123gh6pm.h")
  #define UART0_RIS_R             (*((volatile unsigned long *)0x4000C03C))
UART.c(53): warning:  #47-D: incompatible redefinition of macro "UART0_ICR_R" (declared at line 366 of "..\../inc/tm4c123gh6pm.h")
  #define UART0_ICR_R             (*((volatile unsigned long *)0x4000C044))
UART.c(75): warning:  #47-D: incompatible redefinition of macro "SYSCTL_RCGC1_R" (declared at line 2058 of "..\../inc/tm4c123gh6pm.h")
  #define SYSCTL_RCGC1_R          (*((volatile unsigned long *)0x400FE104))
UART.c(76): warning:  #47-D: incompatible redefinition of macro "SYSCTL_RCGC2_R" (declared at line 2059 of "..\../inc/tm4c123gh6pm.h")
  #define SYSCTL_RCGC2_R          (*((volatile unsigned long *)0x400FE108))
UART.c(582): warning:  #1-D: last line of file ends without a newline
  }
UART.c: 19 warnings, 0 errors
compiling Lab5.c...
linking...
.\Lab4.axf: Error: L6218E: Undefined symbol OutCRLF (referred from os.o).
Not enough information to list image symbols.
Finished: 1 information, 0 warning and 1 error messages.
".\Lab4.axf" - 1 Error(s), 39 Warning(s).
Target not created
          ST7735_OutString(0, 0, "f_read error", ST7735_Color565(0, 0, 255));
Lab5.c(246): error:  #140: too many arguments in function call
      ST7735_OutString(0, 0, "Error testFile.txt (  )", ST7735_Color565(255, 0, 0));
Lab5.c(252): error:  #140: too many arguments in function call
    ST7735_OutString(0, 0, "file test passed    ", ST7735_Color565(255, 255, 255));
Lab5.c(296): error:  #140: too many arguments in function call
      ST7735_OutString(0, 0, "f_mount error", ST7735_Color565(0, 0, 255));
Lab5.c(309): error:  #140: too many arguments in function call
      ST7735_OutString(0, 0, "Opened ", ST7735_Color565(0, 255, 0));
Lab5.c(310): error:  #167: argument of type "int" is incompatible with parameter of type "char *"
      ST7735_OutString(7, 0, (char *)inFilename, ST7735_Color565(0, 255, 0));
Lab5.c(310): error:  #140: too many arguments in function call
      ST7735_OutString(7, 0, (char *)inFilename, ST7735_Color565(0, 255, 0));
Lab5.c(336): error:  #140: too many arguments in function call
      ST7735_OutString(0, 0, "Error          (  )", ST7735_Color565(255, 0, 0));
Lab5.c(337): error:  #167: argument of type "int" is incompatible with parameter of type "char *"
      ST7735_OutString(6, 0, (char *)inFilename, ST7735_Color565(255, 0, 0));
Lab5.c(337): error:  #140: too many arguments in function call
      ST7735_OutString(6, 0, (char *)inFilename, ST7735_Color565(255, 0, 0));
Lab5.c(351): error:  #140: too many arguments in function call
      ST7735_OutString(0, 14, "Opened ", ST7735_Color565(0, 255, 0));
Lab5.c(352): error:  #167: argument of type "int" is incompatible with parameter of type "char *"
      ST7735_OutString(7, 14, (char *)outFilename, ST7735_Color565(0, 255, 0));
Lab5.c(352): error:  #140: too many arguments in function call
      ST7735_OutString(7, 14, (char *)outFilename, ST7735_Color565(0, 255, 0));
Lab5.c(360): error:  #140: too many arguments in function call
        ST7735_OutString(0, 15, "Writes:    @", ST7735_Color565(0, 255, 0));
Lab5.c(370): error:  #140: too many arguments in function call
        ST7735_OutString(0, 15, "f_write() error (  )", ST7735_Color565(255, 0, 0));
Lab5.c(379): error:  #140: too many arguments in function call
      ST7735_OutString(0, 14, "Error          (  )", ST7735_Color565(255, 0, 0));
Lab5.c(380): error:  #167: argument of type "int" is incompatible with parameter of type "char *"
      ST7735_OutString(6, 14, (char *)outFilename, ST7735_Color565(255, 0, 0));
Lab5.c(380): error:  #140: too many arguments in function call
      ST7735_OutString(6, 14, (char *)outFilename, ST7735_Color565(255, 0, 0));
Lab5.c: 0 warnings, 24 errors
compiling heap.c...
compiling loader.c...
loader.c(671): warning:  #111-D: statement is unreachable
    return -1;
loader.c(147): warning:  #177-D: function "swabo" was declared but never referenced
  static uint32_t swabo(uint32_t hl) {
loader.c(249): warning:  #177-D: function "readSegment" was declared but never referenced
  static int readSegment(ELFExec_t *e, int n, Elf32_Phdr *h, size_t nlen) {
loader.c(273): warning:  #177-D: function "typeStr" was declared but never referenced
  static const char *typeStr(int symt) {
loader.c: 4 warnings, 0 errors
".\Lab4.axf" - 55 Error(s), 12 Warning(s).
Target not created
